0 info it worked if it ends with ok
1 verbose cli [ 'node', '/usr/local/bin/npm', 'start' ]
2 info using npm@3.5.3
3 info using node@v0.12.7
4 verbose node symlink /usr/local/bin/node
5 verbose run-script [ 'prestart', 'start', 'poststart' ]
6 info lifecycle tddesktop@0.0.1~prestart: tddesktop@0.0.1
7 silly lifecycle tddesktop@0.0.1~prestart: no script for prestart, continuing
8 info lifecycle tddesktop@0.0.1~start: tddesktop@0.0.1
9 verbose lifecycle tddesktop@0.0.1~start: unsafe-perm in lifecycle true
10 verbose lifecycle tddesktop@0.0.1~start: PATH: /usr/local/lib/node_modules/npm/bin/node-gyp-bin:/Users/yangboz/git/2017-2018-computing-thinking/Docker/v1/GameViewer/GoToyhouse/node_modules/.bin:/Users/yangboz/anaconda3/bin:/Users/yangboz/anaconda/bin:/anaconda/bin:/Volumes/Transcend/cocos2d-x-3.8.1/templates:/Applications/Cocos/frameworks:/usr/local/Cellar/android-sdk/24.4/:/Applications/Cocos/tools/ant/bin:/Volumes/Transcend/cocos2d-x-3.8.1/tools/cocos2d-console/bin:/usr/local/heroku/bin:/usr/bin:/bin:/usr/sbin:/sbin:/usr/local/bin:/opt/Ghostscript/bin:/usr/local/git/bin:/opt/ImageMagick/bin:/Users/yangboz/maven/bin:/usr/local/sbin
11 verbose lifecycle tddesktop@0.0.1~start: CWD: /Users/yangboz/git/2017-2018-computing-thinking/Docker/v1/GameViewer/GoToyhouse
12 silly lifecycle tddesktop@0.0.1~start: Args: [ '-c', 'electron .' ]
13 info lifecycle tddesktop@0.0.1~start: Failed to exec start script
14 verbose stack Error: tddesktop@0.0.1 start: `electron .`
14 verbose stack spawn ENOENT
14 verbose stack     at ChildProcess.<anonymous> (/usr/local/lib/node_modules/npm/lib/utils/spawn.js:17:16)
14 verbose stack     at ChildProcess.emit (events.js:110:17)
14 verbose stack     at maybeClose (child_process.js:1015:16)
14 verbose stack     at Process.ChildProcess._handle.onexit (child_process.js:1087:5)
15 verbose pkgid tddesktop@0.0.1
16 verbose cwd /Users/yangboz/git/2017-2018-computing-thinking/Docker/v1/GameViewer/GoToyhouse
17 error Darwin 16.6.0
18 error argv "node" "/usr/local/bin/npm" "start"
19 error node v0.12.7
20 error npm  v3.5.3
21 error file sh
22 error code ELIFECYCLE
23 error errno ENOENT
24 error syscall spawn
25 error tddesktop@0.0.1 start: `electron .`
25 error spawn ENOENT
26 error Failed at the tddesktop@0.0.1 start script 'electron .'.
26 error Make sure you have the latest version of node.js and npm installed.
26 error If you do, this is most likely a problem with the tddesktop package,
26 error not with npm itself.
26 error Tell the author that this fails on your system:
26 error     electron .
26 error You can get information on how to open an issue for this project with:
26 error     npm bugs tddesktop
26 error Or if that isn't available, you can get their info via:
26 error     npm owner ls tddesktop
26 error There is likely additional logging output above.
27 verbose exit [ 1, true ]
